2019-08-07 14:16:31,957 INFO [org.springframework.test.context.support.DefaultTestContextBootstrapper] - Loaded default TestExecutionListener class names from location [META-INF/spring.factories]: [org.springframework.test.context.web.ServletTestExecutionListener, org.springframework.test.context.support.DirtiesContextBeforeModesTestExecutionListener, org.springframework.test.context.support.DependencyInjectionTestExecutionListener, org.springframework.test.context.support.DirtiesContextTestExecutionListener, org.springframework.test.context.transaction.TransactionalTestExecutionListener, org.springframework.test.context.jdbc.SqlScriptsTestExecutionListener]
2019-08-07 14:16:31,972 INFO [org.springframework.test.context.support.DefaultTestContextBootstrapper] - Using TestExecutionListeners: [org.springframework.test.context.web.ServletTestExecutionListener@d2cc05a, org.springframework.test.context.support.DirtiesContextBeforeModesTestExecutionListener@4f933fd1, org.springframework.test.context.support.DependencyInjectionTestExecutionListener@548a9f61, org.springframework.test.context.support.DirtiesContextTestExecutionListener@1753acfe, org.springframework.test.context.transaction.TransactionalTestExecutionListener@7c16905e, org.springframework.test.context.jdbc.SqlScriptsTestExecutionListener@2a2d45ba]
2019-08-07 14:16:32,062 INFO [org.springframework.beans.factory.xml.XmlBeanDefinitionReader] - Loading XML bean definitions from class path resource [spring-context.xml]
2019-08-07 14:16:32,445 INFO [org.springframework.beans.factory.xml.XmlBeanDefinitionReader] - Loading XML bean definitions from class path resource [spring-context-druid.xml]
2019-08-07 14:16:32,508 INFO [org.springframework.beans.factory.xml.XmlBeanDefinitionReader] - Loading XML bean definitions from class path resource [spring-context-mybatis.xml]
2019-08-07 14:16:32,545 INFO [org.springframework.context.support.GenericApplicationContext] - Refreshing org.springframework.context.support.GenericApplicationContext@56ac3a89: startup date [Wed Aug 07 14:16:32 CST 2019]; root of context hierarchy
2019-08-07 14:16:33,223 INFO [com.alibaba.druid.pool.DruidDataSource] - {dataSource-1} inited
2019-08-07 14:16:33,555 INFO [org.springframework.context.support.GenericApplicationContext] - Closing org.springframework.context.support.GenericApplicationContext@56ac3a89: startup date [Wed Aug 07 14:16:32 CST 2019]; root of context hierarchy
2019-08-07 14:16:33,557 INFO [com.alibaba.druid.pool.DruidDataSource] - {dataSource-1} closed
2019-08-07 14:36:32,283 INFO [org.springframework.test.context.support.DefaultTestContextBootstrapper] - Loaded default TestExecutionListener class names from location [META-INF/spring.factories]: [org.springframework.test.context.web.ServletTestExecutionListener, org.springframework.test.context.support.DirtiesContextBeforeModesTestExecutionListener, org.springframework.test.context.support.DependencyInjectionTestExecutionListener, org.springframework.test.context.support.DirtiesContextTestExecutionListener, org.springframework.test.context.transaction.TransactionalTestExecutionListener, org.springframework.test.context.jdbc.SqlScriptsTestExecutionListener]
2019-08-07 14:36:32,293 INFO [org.springframework.test.context.support.DefaultTestContextBootstrapper] - Using TestExecutionListeners: [org.springframework.test.context.web.ServletTestExecutionListener@d2cc05a, org.springframework.test.context.support.DirtiesContextBeforeModesTestExecutionListener@4f933fd1, org.springframework.test.context.support.DependencyInjectionTestExecutionListener@548a9f61, org.springframework.test.context.support.DirtiesContextTestExecutionListener@1753acfe, org.springframework.test.context.transaction.TransactionalTestExecutionListener@7c16905e, org.springframework.test.context.jdbc.SqlScriptsTestExecutionListener@2a2d45ba]
2019-08-07 14:36:32,345 INFO [org.springframework.beans.factory.xml.XmlBeanDefinitionReader] - Loading XML bean definitions from class path resource [spring-context.xml]
2019-08-07 14:36:32,476 INFO [org.springframework.beans.factory.xml.XmlBeanDefinitionReader] - Loading XML bean definitions from class path resource [spring-context-druid.xml]
2019-08-07 14:36:32,501 INFO [org.springframework.beans.factory.xml.XmlBeanDefinitionReader] - Loading XML bean definitions from class path resource [spring-context-mybatis.xml]
2019-08-07 14:36:32,514 INFO [org.springframework.context.support.GenericApplicationContext] - Refreshing org.springframework.context.support.GenericApplicationContext@56ac3a89: startup date [Wed Aug 07 14:36:32 CST 2019]; root of context hierarchy
2019-08-07 14:36:33,073 INFO [com.alibaba.druid.pool.DruidDataSource] - {dataSource-1} inited
2019-08-07 14:36:33,378 INFO [org.springframework.beans.factory.xml.XmlBeanDefinitionReader] - Loading XML bean definitions from class path resource [org/springframework/jdbc/support/sql-error-codes.xml]
2019-08-07 14:36:33,398 INFO [org.springframework.jdbc.support.SQLErrorCodesFactory] - SQLErrorCodes loaded: [DB2, Derby, H2, HDB, HSQL, Informix, MS-SQL, MySQL, Oracle, PostgreSQL, Sybase]
2019-08-07 14:36:33,415 INFO [org.springframework.context.support.GenericApplicationContext] - Closing org.springframework.context.support.GenericApplicationContext@56ac3a89: startup date [Wed Aug 07 14:36:32 CST 2019]; root of context hierarchy
2019-08-07 14:36:33,418 INFO [com.alibaba.druid.pool.DruidDataSource] - {dataSource-1} closed
2019-08-07 14:36:44,742 INFO [org.springframework.test.context.support.DefaultTestContextBootstrapper] - Loaded default TestExecutionListener class names from location [META-INF/spring.factories]: [org.springframework.test.context.web.ServletTestExecutionListener, org.springframework.test.context.support.DirtiesContextBeforeModesTestExecutionListener, org.springframework.test.context.support.DependencyInjectionTestExecutionListener, org.springframework.test.context.support.DirtiesContextTestExecutionListener, org.springframework.test.context.transaction.TransactionalTestExecutionListener, org.springframework.test.context.jdbc.SqlScriptsTestExecutionListener]
2019-08-07 14:36:44,753 INFO [org.springframework.test.context.support.DefaultTestContextBootstrapper] - Using TestExecutionListeners: [org.springframework.test.context.web.ServletTestExecutionListener@d2cc05a, org.springframework.test.context.support.DirtiesContextBeforeModesTestExecutionListener@4f933fd1, org.springframework.test.context.support.DependencyInjectionTestExecutionListener@548a9f61, org.springframework.test.context.support.DirtiesContextTestExecutionListener@1753acfe, org.springframework.test.context.transaction.TransactionalTestExecutionListener@7c16905e, org.springframework.test.context.jdbc.SqlScriptsTestExecutionListener@2a2d45ba]
2019-08-07 14:36:44,804 INFO [org.springframework.beans.factory.xml.XmlBeanDefinitionReader] - Loading XML bean definitions from class path resource [spring-context.xml]
2019-08-07 14:36:44,931 INFO [org.springframework.beans.factory.xml.XmlBeanDefinitionReader] - Loading XML bean definitions from class path resource [spring-context-druid.xml]
2019-08-07 14:36:44,955 INFO [org.springframework.beans.factory.xml.XmlBeanDefinitionReader] - Loading XML bean definitions from class path resource [spring-context-mybatis.xml]
2019-08-07 14:36:44,969 INFO [org.springframework.context.support.GenericApplicationContext] - Refreshing org.springframework.context.support.GenericApplicationContext@56ac3a89: startup date [Wed Aug 07 14:36:44 CST 2019]; root of context hierarchy
2019-08-07 14:36:45,487 INFO [com.alibaba.druid.pool.DruidDataSource] - {dataSource-1} inited
2019-08-07 14:36:45,710 INFO [org.springframework.context.support.GenericApplicationContext] - Closing org.springframework.context.support.GenericApplicationContext@56ac3a89: startup date [Wed Aug 07 14:36:44 CST 2019]; root of context hierarchy
2019-08-07 14:36:45,712 INFO [com.alibaba.druid.pool.DruidDataSource] - {dataSource-1} closed
2019-08-07 14:37:09,433 INFO [org.springframework.test.context.support.DefaultTestContextBootstrapper] - Loaded default TestExecutionListener class names from location [META-INF/spring.factories]: [org.springframework.test.context.web.ServletTestExecutionListener, org.springframework.test.context.support.DirtiesContextBeforeModesTestExecutionListener, org.springframework.test.context.support.DependencyInjectionTestExecutionListener, org.springframework.test.context.support.DirtiesContextTestExecutionListener, org.springframework.test.context.transaction.TransactionalTestExecutionListener, org.springframework.test.context.jdbc.SqlScriptsTestExecutionListener]
2019-08-07 14:37:09,444 INFO [org.springframework.test.context.support.DefaultTestContextBootstrapper] - Using TestExecutionListeners: [org.springframework.test.context.web.ServletTestExecutionListener@d2cc05a, org.springframework.test.context.support.DirtiesContextBeforeModesTestExecutionListener@4f933fd1, org.springframework.test.context.support.DependencyInjectionTestExecutionListener@548a9f61, org.springframework.test.context.support.DirtiesContextTestExecutionListener@1753acfe, org.springframework.test.context.transaction.TransactionalTestExecutionListener@7c16905e, org.springframework.test.context.jdbc.SqlScriptsTestExecutionListener@2a2d45ba]
2019-08-07 14:37:09,500 INFO [org.springframework.beans.factory.xml.XmlBeanDefinitionReader] - Loading XML bean definitions from class path resource [spring-context.xml]
2019-08-07 14:37:09,628 INFO [org.springframework.beans.factory.xml.XmlBeanDefinitionReader] - Loading XML bean definitions from class path resource [spring-context-druid.xml]
2019-08-07 14:37:09,651 INFO [org.springframework.beans.factory.xml.XmlBeanDefinitionReader] - Loading XML bean definitions from class path resource [spring-context-mybatis.xml]
2019-08-07 14:37:09,665 INFO [org.springframework.context.support.GenericApplicationContext] - Refreshing org.springframework.context.support.GenericApplicationContext@56ac3a89: startup date [Wed Aug 07 14:37:09 CST 2019]; root of context hierarchy
2019-08-07 14:37:10,168 INFO [com.alibaba.druid.pool.DruidDataSource] - {dataSource-1} inited
2019-08-07 14:37:10,382 INFO [org.springframework.beans.factory.xml.XmlBeanDefinitionReader] - Loading XML bean definitions from class path resource [org/springframework/jdbc/support/sql-error-codes.xml]
2019-08-07 14:37:10,398 INFO [org.springframework.jdbc.support.SQLErrorCodesFactory] - SQLErrorCodes loaded: [DB2, Derby, H2, HDB, HSQL, Informix, MS-SQL, MySQL, Oracle, PostgreSQL, Sybase]
2019-08-07 14:37:10,411 INFO [org.springframework.context.support.GenericApplicationContext] - Closing org.springframework.context.support.GenericApplicationContext@56ac3a89: startup date [Wed Aug 07 14:37:09 CST 2019]; root of context hierarchy
2019-08-07 14:37:10,413 INFO [com.alibaba.druid.pool.DruidDataSource] - {dataSource-1} closed
2019-08-07 14:37:41,512 INFO [org.springframework.test.context.support.DefaultTestContextBootstrapper] - Loaded default TestExecutionListener class names from location [META-INF/spring.factories]: [org.springframework.test.context.web.ServletTestExecutionListener, org.springframework.test.context.support.DirtiesContextBeforeModesTestExecutionListener, org.springframework.test.context.support.DependencyInjectionTestExecutionListener, org.springframework.test.context.support.DirtiesContextTestExecutionListener, org.springframework.test.context.transaction.TransactionalTestExecutionListener, org.springframework.test.context.jdbc.SqlScriptsTestExecutionListener]
2019-08-07 14:37:41,523 INFO [org.springframework.test.context.support.DefaultTestContextBootstrapper] - Using TestExecutionListeners: [org.springframework.test.context.web.ServletTestExecutionListener@d2cc05a, org.springframework.test.context.support.DirtiesContextBeforeModesTestExecutionListener@4f933fd1, org.springframework.test.context.support.DependencyInjectionTestExecutionListener@548a9f61, org.springframework.test.context.support.DirtiesContextTestExecutionListener@1753acfe, org.springframework.test.context.transaction.TransactionalTestExecutionListener@7c16905e, org.springframework.test.context.jdbc.SqlScriptsTestExecutionListener@2a2d45ba]
2019-08-07 14:37:41,575 INFO [org.springframework.beans.factory.xml.XmlBeanDefinitionReader] - Loading XML bean definitions from class path resource [spring-context.xml]
2019-08-07 14:37:41,700 INFO [org.springframework.beans.factory.xml.XmlBeanDefinitionReader] - Loading XML bean definitions from class path resource [spring-context-druid.xml]
2019-08-07 14:37:41,725 INFO [org.springframework.beans.factory.xml.XmlBeanDefinitionReader] - Loading XML bean definitions from class path resource [spring-context-mybatis.xml]
2019-08-07 14:37:41,738 INFO [org.springframework.context.support.GenericApplicationContext] - Refreshing org.springframework.context.support.GenericApplicationContext@56ac3a89: startup date [Wed Aug 07 14:37:41 CST 2019]; root of context hierarchy
2019-08-07 14:37:42,232 INFO [com.alibaba.druid.pool.DruidDataSource] - {dataSource-1} inited
2019-08-07 14:37:42,438 INFO [org.springframework.context.support.GenericApplicationContext] - Closing org.springframework.context.support.GenericApplicationContext@56ac3a89: startup date [Wed Aug 07 14:37:41 CST 2019]; root of context hierarchy
2019-08-07 14:37:42,440 INFO [com.alibaba.druid.pool.DruidDataSource] - {dataSource-1} closed
2019-08-07 14:39:56,203 INFO [org.springframework.test.context.support.DefaultTestContextBootstrapper] - Loaded default TestExecutionListener class names from location [META-INF/spring.factories]: [org.springframework.test.context.web.ServletTestExecutionListener, org.springframework.test.context.support.DirtiesContextBeforeModesTestExecutionListener, org.springframework.test.context.support.DependencyInjectionTestExecutionListener, org.springframework.test.context.support.DirtiesContextTestExecutionListener, org.springframework.test.context.transaction.TransactionalTestExecutionListener, org.springframework.test.context.jdbc.SqlScriptsTestExecutionListener]
2019-08-07 14:39:56,215 INFO [org.springframework.test.context.support.DefaultTestContextBootstrapper] - Using TestExecutionListeners: [org.springframework.test.context.web.ServletTestExecutionListener@d2cc05a, org.springframework.test.context.support.DirtiesContextBeforeModesTestExecutionListener@4f933fd1, org.springframework.test.context.support.DependencyInjectionTestExecutionListener@548a9f61, org.springframework.test.context.support.DirtiesContextTestExecutionListener@1753acfe, org.springframework.test.context.transaction.TransactionalTestExecutionListener@7c16905e, org.springframework.test.context.jdbc.SqlScriptsTestExecutionListener@2a2d45ba]
2019-08-07 14:39:56,268 INFO [org.springframework.beans.factory.xml.XmlBeanDefinitionReader] - Loading XML bean definitions from class path resource [spring-context.xml]
2019-08-07 14:39:56,395 INFO [org.springframework.beans.factory.xml.XmlBeanDefinitionReader] - Loading XML bean definitions from class path resource [spring-context-druid.xml]
2019-08-07 14:39:56,423 INFO [org.springframework.beans.factory.xml.XmlBeanDefinitionReader] - Loading XML bean definitions from class path resource [spring-context-mybatis.xml]
2019-08-07 14:39:56,435 INFO [org.springframework.context.support.GenericApplicationContext] - Refreshing org.springframework.context.support.GenericApplicationContext@56ac3a89: startup date [Wed Aug 07 14:39:56 CST 2019]; root of context hierarchy
2019-08-07 14:39:56,929 INFO [com.alibaba.druid.pool.DruidDataSource] - {dataSource-1} inited
2019-08-07 14:39:57,146 INFO [org.springframework.beans.factory.xml.XmlBeanDefinitionReader] - Loading XML bean definitions from class path resource [org/springframework/jdbc/support/sql-error-codes.xml]
2019-08-07 14:39:57,163 INFO [org.springframework.jdbc.support.SQLErrorCodesFactory] - SQLErrorCodes loaded: [DB2, Derby, H2, HDB, HSQL, Informix, MS-SQL, MySQL, Oracle, PostgreSQL, Sybase]
2019-08-07 14:39:57,175 INFO [org.springframework.context.support.GenericApplicationContext] - Closing org.springframework.context.support.GenericApplicationContext@56ac3a89: startup date [Wed Aug 07 14:39:56 CST 2019]; root of context hierarchy
2019-08-07 14:39:57,178 INFO [com.alibaba.druid.pool.DruidDataSource] - {dataSource-1} closed
2019-08-07 14:40:40,079 INFO [org.springframework.test.context.support.DefaultTestContextBootstrapper] - Loaded default TestExecutionListener class names from location [META-INF/spring.factories]: [org.springframework.test.context.web.ServletTestExecutionListener, org.springframework.test.context.support.DirtiesContextBeforeModesTestExecutionListener, org.springframework.test.context.support.DependencyInjectionTestExecutionListener, org.springframework.test.context.support.DirtiesContextTestExecutionListener, org.springframework.test.context.transaction.TransactionalTestExecutionListener, org.springframework.test.context.jdbc.SqlScriptsTestExecutionListener]
2019-08-07 14:40:40,089 INFO [org.springframework.test.context.support.DefaultTestContextBootstrapper] - Using TestExecutionListeners: [org.springframework.test.context.web.ServletTestExecutionListener@d2cc05a, org.springframework.test.context.support.DirtiesContextBeforeModesTestExecutionListener@4f933fd1, org.springframework.test.context.support.DependencyInjectionTestExecutionListener@548a9f61, org.springframework.test.context.support.DirtiesContextTestExecutionListener@1753acfe, org.springframework.test.context.transaction.TransactionalTestExecutionListener@7c16905e, org.springframework.test.context.jdbc.SqlScriptsTestExecutionListener@2a2d45ba]
2019-08-07 14:40:40,140 INFO [org.springframework.beans.factory.xml.XmlBeanDefinitionReader] - Loading XML bean definitions from class path resource [spring-context.xml]
2019-08-07 14:40:40,265 INFO [org.springframework.beans.factory.xml.XmlBeanDefinitionReader] - Loading XML bean definitions from class path resource [spring-context-druid.xml]
2019-08-07 14:40:40,288 INFO [org.springframework.beans.factory.xml.XmlBeanDefinitionReader] - Loading XML bean definitions from class path resource [spring-context-mybatis.xml]
2019-08-07 14:40:40,302 INFO [org.springframework.context.support.GenericApplicationContext] - Refreshing org.springframework.context.support.GenericApplicationContext@56ac3a89: startup date [Wed Aug 07 14:40:40 CST 2019]; root of context hierarchy
2019-08-07 14:40:40,795 INFO [com.alibaba.druid.pool.DruidDataSource] - {dataSource-1} inited
2019-08-07 14:40:41,009 INFO [org.springframework.beans.factory.xml.XmlBeanDefinitionReader] - Loading XML bean definitions from class path resource [org/springframework/jdbc/support/sql-error-codes.xml]
2019-08-07 14:40:41,025 INFO [org.springframework.jdbc.support.SQLErrorCodesFactory] - SQLErrorCodes loaded: [DB2, Derby, H2, HDB, HSQL, Informix, MS-SQL, MySQL, Oracle, PostgreSQL, Sybase]
2019-08-07 14:40:41,039 INFO [org.springframework.context.support.GenericApplicationContext] - Closing org.springframework.context.support.GenericApplicationContext@56ac3a89: startup date [Wed Aug 07 14:40:40 CST 2019]; root of context hierarchy
2019-08-07 14:40:41,041 INFO [com.alibaba.druid.pool.DruidDataSource] - {dataSource-1} closed
2019-08-07 14:41:05,045 INFO [org.springframework.test.context.support.DefaultTestContextBootstrapper] - Loaded default TestExecutionListener class names from location [META-INF/spring.factories]: [org.springframework.test.context.web.ServletTestExecutionListener, org.springframework.test.context.support.DirtiesContextBeforeModesTestExecutionListener, org.springframework.test.context.support.DependencyInjectionTestExecutionListener, org.springframework.test.context.support.DirtiesContextTestExecutionListener, org.springframework.test.context.transaction.TransactionalTestExecutionListener, org.springframework.test.context.jdbc.SqlScriptsTestExecutionListener]
2019-08-07 14:41:05,055 INFO [org.springframework.test.context.support.DefaultTestContextBootstrapper] - Using TestExecutionListeners: [org.springframework.test.context.web.ServletTestExecutionListener@d2cc05a, org.springframework.test.context.support.DirtiesContextBeforeModesTestExecutionListener@4f933fd1, org.springframework.test.context.support.DependencyInjectionTestExecutionListener@548a9f61, org.springframework.test.context.support.DirtiesContextTestExecutionListener@1753acfe, org.springframework.test.context.transaction.TransactionalTestExecutionListener@7c16905e, org.springframework.test.context.jdbc.SqlScriptsTestExecutionListener@2a2d45ba]
2019-08-07 14:41:05,106 INFO [org.springframework.beans.factory.xml.XmlBeanDefinitionReader] - Loading XML bean definitions from class path resource [spring-context.xml]
2019-08-07 14:41:05,230 INFO [org.springframework.beans.factory.xml.XmlBeanDefinitionReader] - Loading XML bean definitions from class path resource [spring-context-druid.xml]
2019-08-07 14:41:05,253 INFO [org.springframework.beans.factory.xml.XmlBeanDefinitionReader] - Loading XML bean definitions from class path resource [spring-context-mybatis.xml]
2019-08-07 14:41:05,265 INFO [org.springframework.context.support.GenericApplicationContext] - Refreshing org.springframework.context.support.GenericApplicationContext@56ac3a89: startup date [Wed Aug 07 14:41:05 CST 2019]; root of context hierarchy
2019-08-07 14:41:05,764 INFO [com.alibaba.druid.pool.DruidDataSource] - {dataSource-1} inited
2019-08-07 14:41:05,978 INFO [org.springframework.context.support.GenericApplicationContext] - Closing org.springframework.context.support.GenericApplicationContext@56ac3a89: startup date [Wed Aug 07 14:41:05 CST 2019]; root of context hierarchy
2019-08-07 14:41:05,981 INFO [com.alibaba.druid.pool.DruidDataSource] - {dataSource-1} closed
2019-08-07 14:43:28,830 INFO [org.springframework.test.context.support.DefaultTestContextBootstrapper] - Loaded default TestExecutionListener class names from location [META-INF/spring.factories]: [org.springframework.test.context.web.ServletTestExecutionListener, org.springframework.test.context.support.DirtiesContextBeforeModesTestExecutionListener, org.springframework.test.context.support.DependencyInjectionTestExecutionListener, org.springframework.test.context.support.DirtiesContextTestExecutionListener, org.springframework.test.context.transaction.TransactionalTestExecutionListener, org.springframework.test.context.jdbc.SqlScriptsTestExecutionListener]
2019-08-07 14:43:28,842 INFO [org.springframework.test.context.support.DefaultTestContextBootstrapper] - Using TestExecutionListeners: [org.springframework.test.context.web.ServletTestExecutionListener@d2cc05a, org.springframework.test.context.support.DirtiesContextBeforeModesTestExecutionListener@4f933fd1, org.springframework.test.context.support.DependencyInjectionTestExecutionListener@548a9f61, org.springframework.test.context.support.DirtiesContextTestExecutionListener@1753acfe, org.springframework.test.context.transaction.TransactionalTestExecutionListener@7c16905e, org.springframework.test.context.jdbc.SqlScriptsTestExecutionListener@2a2d45ba]
2019-08-07 14:43:28,894 INFO [org.springframework.beans.factory.xml.XmlBeanDefinitionReader] - Loading XML bean definitions from class path resource [spring-context.xml]
2019-08-07 14:43:29,024 INFO [org.springframework.beans.factory.xml.XmlBeanDefinitionReader] - Loading XML bean definitions from class path resource [spring-context-druid.xml]
2019-08-07 14:43:29,047 INFO [org.springframework.beans.factory.xml.XmlBeanDefinitionReader] - Loading XML bean definitions from class path resource [spring-context-mybatis.xml]
2019-08-07 14:43:29,061 INFO [org.springframework.context.support.GenericApplicationContext] - Refreshing org.springframework.context.support.GenericApplicationContext@56ac3a89: startup date [Wed Aug 07 14:43:29 CST 2019]; root of context hierarchy
2019-08-07 14:43:29,558 INFO [com.alibaba.druid.pool.DruidDataSource] - {dataSource-1} inited
2019-08-07 14:43:29,753 INFO [org.springframework.context.support.GenericApplicationContext] - Closing org.springframework.context.support.GenericApplicationContext@56ac3a89: startup date [Wed Aug 07 14:43:29 CST 2019]; root of context hierarchy
2019-08-07 14:43:29,757 INFO [com.alibaba.druid.pool.DruidDataSource] - {dataSource-1} closed
2019-08-07 14:51:34,206 INFO [org.springframework.test.context.support.DefaultTestContextBootstrapper] - Loaded default TestExecutionListener class names from location [META-INF/spring.factories]: [org.springframework.test.context.web.ServletTestExecutionListener, org.springframework.test.context.support.DirtiesContextBeforeModesTestExecutionListener, org.springframework.test.context.support.DependencyInjectionTestExecutionListener, org.springframework.test.context.support.DirtiesContextTestExecutionListener, org.springframework.test.context.transaction.TransactionalTestExecutionListener, org.springframework.test.context.jdbc.SqlScriptsTestExecutionListener]
2019-08-07 14:51:34,216 INFO [org.springframework.test.context.support.DefaultTestContextBootstrapper] - Using TestExecutionListeners: [org.springframework.test.context.web.ServletTestExecutionListener@d2cc05a, org.springframework.test.context.support.DirtiesContextBeforeModesTestExecutionListener@4f933fd1, org.springframework.test.context.support.DependencyInjectionTestExecutionListener@548a9f61, org.springframework.test.context.support.DirtiesContextTestExecutionListener@1753acfe, org.springframework.test.context.transaction.TransactionalTestExecutionListener@7c16905e, org.springframework.test.context.jdbc.SqlScriptsTestExecutionListener@2a2d45ba]
2019-08-07 14:51:34,270 INFO [org.springframework.beans.factory.xml.XmlBeanDefinitionReader] - Loading XML bean definitions from class path resource [spring-context.xml]
2019-08-07 14:51:34,396 INFO [org.springframework.beans.factory.xml.XmlBeanDefinitionReader] - Loading XML bean definitions from class path resource [spring-context-druid.xml]
2019-08-07 14:51:34,422 INFO [org.springframework.beans.factory.xml.XmlBeanDefinitionReader] - Loading XML bean definitions from class path resource [spring-context-mybatis.xml]
2019-08-07 14:51:34,434 INFO [org.springframework.context.support.GenericApplicationContext] - Refreshing org.springframework.context.support.GenericApplicationContext@56ac3a89: startup date [Wed Aug 07 14:51:34 CST 2019]; root of context hierarchy
2019-08-07 14:51:34,953 INFO [com.alibaba.druid.pool.DruidDataSource] - {dataSource-1} inited
2019-08-07 14:51:35,126 INFO [org.springframework.context.support.GenericApplicationContext] - Closing org.springframework.context.support.GenericApplicationContext@56ac3a89: startup date [Wed Aug 07 14:51:34 CST 2019]; root of context hierarchy
2019-08-07 14:51:35,130 INFO [com.alibaba.druid.pool.DruidDataSource] - {dataSource-1} closed
2019-08-07 14:52:25,102 INFO [org.springframework.test.context.support.DefaultTestContextBootstrapper] - Loaded default TestExecutionListener class names from location [META-INF/spring.factories]: [org.springframework.test.context.web.ServletTestExecutionListener, org.springframework.test.context.support.DirtiesContextBeforeModesTestExecutionListener, org.springframework.test.context.support.DependencyInjectionTestExecutionListener, org.springframework.test.context.support.DirtiesContextTestExecutionListener, org.springframework.test.context.transaction.TransactionalTestExecutionListener, org.springframework.test.context.jdbc.SqlScriptsTestExecutionListener]
2019-08-07 14:52:25,114 INFO [org.springframework.test.context.support.DefaultTestContextBootstrapper] - Using TestExecutionListeners: [org.springframework.test.context.web.ServletTestExecutionListener@d2cc05a, org.springframework.test.context.support.DirtiesContextBeforeModesTestExecutionListener@4f933fd1, org.springframework.test.context.support.DependencyInjectionTestExecutionListener@548a9f61, org.springframework.test.context.support.DirtiesContextTestExecutionListener@1753acfe, org.springframework.test.context.transaction.TransactionalTestExecutionListener@7c16905e, org.springframework.test.context.jdbc.SqlScriptsTestExecutionListener@2a2d45ba]
2019-08-07 14:52:25,165 INFO [org.springframework.beans.factory.xml.XmlBeanDefinitionReader] - Loading XML bean definitions from class path resource [spring-context.xml]
2019-08-07 14:52:25,291 INFO [org.springframework.beans.factory.xml.XmlBeanDefinitionReader] - Loading XML bean definitions from class path resource [spring-context-druid.xml]
2019-08-07 14:52:25,318 INFO [org.springframework.beans.factory.xml.XmlBeanDefinitionReader] - Loading XML bean definitions from class path resource [spring-context-mybatis.xml]
2019-08-07 14:52:25,330 INFO [org.springframework.context.support.GenericApplicationContext] - Refreshing org.springframework.context.support.GenericApplicationContext@56ac3a89: startup date [Wed Aug 07 14:52:25 CST 2019]; root of context hierarchy
2019-08-07 14:52:25,810 INFO [com.alibaba.druid.pool.DruidDataSource] - {dataSource-1} inited
2019-08-07 14:52:25,976 INFO [org.springframework.context.support.GenericApplicationContext] - Closing org.springframework.context.support.GenericApplicationContext@56ac3a89: startup date [Wed Aug 07 14:52:25 CST 2019]; root of context hierarchy
2019-08-07 14:52:25,978 INFO [com.alibaba.druid.pool.DruidDataSource] - {dataSource-1} closed
2019-08-07 14:55:27,221 INFO [org.springframework.test.context.support.DefaultTestContextBootstrapper] - Loaded default TestExecutionListener class names from location [META-INF/spring.factories]: [org.springframework.test.context.web.ServletTestExecutionListener, org.springframework.test.context.support.DirtiesContextBeforeModesTestExecutionListener, org.springframework.test.context.support.DependencyInjectionTestExecutionListener, org.springframework.test.context.support.DirtiesContextTestExecutionListener, org.springframework.test.context.transaction.TransactionalTestExecutionListener, org.springframework.test.context.jdbc.SqlScriptsTestExecutionListener]
2019-08-07 14:55:27,231 INFO [org.springframework.test.context.support.DefaultTestContextBootstrapper] - Using TestExecutionListeners: [org.springframework.test.context.web.ServletTestExecutionListener@d2cc05a, org.springframework.test.context.support.DirtiesContextBeforeModesTestExecutionListener@4f933fd1, org.springframework.test.context.support.DependencyInjectionTestExecutionListener@548a9f61, org.springframework.test.context.support.DirtiesContextTestExecutionListener@1753acfe, org.springframework.test.context.transaction.TransactionalTestExecutionListener@7c16905e, org.springframework.test.context.jdbc.SqlScriptsTestExecutionListener@2a2d45ba]
2019-08-07 14:55:27,283 INFO [org.springframework.beans.factory.xml.XmlBeanDefinitionReader] - Loading XML bean definitions from class path resource [spring-context.xml]
2019-08-07 14:55:27,409 INFO [org.springframework.beans.factory.xml.XmlBeanDefinitionReader] - Loading XML bean definitions from class path resource [spring-context-druid.xml]
2019-08-07 14:55:27,436 INFO [org.springframework.beans.factory.xml.XmlBeanDefinitionReader] - Loading XML bean definitions from class path resource [spring-context-mybatis.xml]
2019-08-07 14:55:27,449 INFO [org.springframework.context.support.GenericApplicationContext] - Refreshing org.springframework.context.support.GenericApplicationContext@56ac3a89: startup date [Wed Aug 07 14:55:27 CST 2019]; root of context hierarchy
2019-08-07 14:55:27,933 INFO [com.alibaba.druid.pool.DruidDataSource] - {dataSource-1} inited
2019-08-07 14:55:28,150 INFO [org.springframework.context.support.GenericApplicationContext] - Closing org.springframework.context.support.GenericApplicationContext@56ac3a89: startup date [Wed Aug 07 14:55:27 CST 2019]; root of context hierarchy
2019-08-07 14:55:28,152 INFO [com.alibaba.druid.pool.DruidDataSource] - {dataSource-1} closed
2019-08-07 15:08:30,122 INFO [org.springframework.test.context.support.DefaultTestContextBootstrapper] - Loaded default TestExecutionListener class names from location [META-INF/spring.factories]: [org.springframework.test.context.web.ServletTestExecutionListener, org.springframework.test.context.support.DirtiesContextBeforeModesTestExecutionListener, org.springframework.test.context.support.DependencyInjectionTestExecutionListener, org.springframework.test.context.support.DirtiesContextTestExecutionListener, org.springframework.test.context.transaction.TransactionalTestExecutionListener, org.springframework.test.context.jdbc.SqlScriptsTestExecutionListener]
2019-08-07 15:08:30,133 INFO [org.springframework.test.context.support.DefaultTestContextBootstrapper] - Using TestExecutionListeners: [org.springframework.test.context.web.ServletTestExecutionListener@d2cc05a, org.springframework.test.context.support.DirtiesContextBeforeModesTestExecutionListener@4f933fd1, org.springframework.test.context.support.DependencyInjectionTestExecutionListener@548a9f61, org.springframework.test.context.support.DirtiesContextTestExecutionListener@1753acfe, org.springframework.test.context.transaction.TransactionalTestExecutionListener@7c16905e, org.springframework.test.context.jdbc.SqlScriptsTestExecutionListener@2a2d45ba]
2019-08-07 15:08:30,186 INFO [org.springframework.beans.factory.xml.XmlBeanDefinitionReader] - Loading XML bean definitions from class path resource [spring-context.xml]
2019-08-07 15:08:30,317 INFO [org.springframework.beans.factory.xml.XmlBeanDefinitionReader] - Loading XML bean definitions from class path resource [spring-context-druid.xml]
2019-08-07 15:08:30,340 INFO [org.springframework.beans.factory.xml.XmlBeanDefinitionReader] - Loading XML bean definitions from class path resource [spring-context-mybatis.xml]
2019-08-07 15:08:30,353 INFO [org.springframework.context.support.GenericApplicationContext] - Refreshing org.springframework.context.support.GenericApplicationContext@56ac3a89: startup date [Wed Aug 07 15:08:30 CST 2019]; root of context hierarchy
2019-08-07 15:08:30,861 INFO [com.alibaba.druid.pool.DruidDataSource] - {dataSource-1} inited
2019-08-07 15:08:31,088 INFO [org.springframework.context.support.GenericApplicationContext] - Closing org.springframework.context.support.GenericApplicationContext@56ac3a89: startup date [Wed Aug 07 15:08:30 CST 2019]; root of context hierarchy
2019-08-07 15:08:31,090 INFO [com.alibaba.druid.pool.DruidDataSource] - {dataSource-1} closed
2019-08-07 15:19:18,647 INFO [org.springframework.test.context.support.DefaultTestContextBootstrapper] - Loaded default TestExecutionListener class names from location [META-INF/spring.factories]: [org.springframework.test.context.web.ServletTestExecutionListener, org.springframework.test.context.support.DirtiesContextBeforeModesTestExecutionListener, org.springframework.test.context.support.DependencyInjectionTestExecutionListener, org.springframework.test.context.support.DirtiesContextTestExecutionListener, org.springframework.test.context.transaction.TransactionalTestExecutionListener, org.springframework.test.context.jdbc.SqlScriptsTestExecutionListener]
2019-08-07 15:19:18,658 INFO [org.springframework.test.context.support.DefaultTestContextBootstrapper] - Using TestExecutionListeners: [org.springframework.test.context.web.ServletTestExecutionListener@d2cc05a, org.springframework.test.context.support.DirtiesContextBeforeModesTestExecutionListener@4f933fd1, org.springframework.test.context.support.DependencyInjectionTestExecutionListener@548a9f61, org.springframework.test.context.support.DirtiesContextTestExecutionListener@1753acfe, org.springframework.test.context.transaction.TransactionalTestExecutionListener@7c16905e, org.springframework.test.context.jdbc.SqlScriptsTestExecutionListener@2a2d45ba]
2019-08-07 15:19:18,707 INFO [org.springframework.beans.factory.xml.XmlBeanDefinitionReader] - Loading XML bean definitions from class path resource [spring-context.xml]
2019-08-07 15:19:18,837 INFO [org.springframework.beans.factory.xml.XmlBeanDefinitionReader] - Loading XML bean definitions from class path resource [spring-context-druid.xml]
2019-08-07 15:19:18,860 INFO [org.springframework.beans.factory.xml.XmlBeanDefinitionReader] - Loading XML bean definitions from class path resource [spring-context-mybatis.xml]
2019-08-07 15:19:18,873 INFO [org.springframework.context.support.GenericApplicationContext] - Refreshing org.springframework.context.support.GenericApplicationContext@56ac3a89: startup date [Wed Aug 07 15:19:18 CST 2019]; root of context hierarchy
2019-08-07 15:19:19,396 INFO [com.alibaba.druid.pool.DruidDataSource] - {dataSource-1} inited
2019-08-07 15:19:19,624 INFO [org.springframework.context.support.GenericApplicationContext] - Closing org.springframework.context.support.GenericApplicationContext@56ac3a89: startup date [Wed Aug 07 15:19:18 CST 2019]; root of context hierarchy
2019-08-07 15:19:19,627 INFO [com.alibaba.druid.pool.DruidDataSource] - {dataSource-1} closed
2019-08-07 15:32:49,144 INFO [org.springframework.test.context.support.DefaultTestContextBootstrapper] - Loaded default TestExecutionListener class names from location [META-INF/spring.factories]: [org.springframework.test.context.web.ServletTestExecutionListener, org.springframework.test.context.support.DirtiesContextBeforeModesTestExecutionListener, org.springframework.test.context.support.DependencyInjectionTestExecutionListener, org.springframework.test.context.support.DirtiesContextTestExecutionListener, org.springframework.test.context.transaction.TransactionalTestExecutionListener, org.springframework.test.context.jdbc.SqlScriptsTestExecutionListener]
2019-08-07 15:32:49,155 INFO [org.springframework.test.context.support.DefaultTestContextBootstrapper] - Using TestExecutionListeners: [org.springframework.test.context.web.ServletTestExecutionListener@d2cc05a, org.springframework.test.context.support.DirtiesContextBeforeModesTestExecutionListener@4f933fd1, org.springframework.test.context.support.DependencyInjectionTestExecutionListener@548a9f61, org.springframework.test.context.support.DirtiesContextTestExecutionListener@1753acfe, org.springframework.test.context.transaction.TransactionalTestExecutionListener@7c16905e, org.springframework.test.context.jdbc.SqlScriptsTestExecutionListener@2a2d45ba]
2019-08-07 15:32:49,205 INFO [org.springframework.beans.factory.xml.XmlBeanDefinitionReader] - Loading XML bean definitions from class path resource [spring-context.xml]
2019-08-07 15:32:49,332 INFO [org.springframework.beans.factory.xml.XmlBeanDefinitionReader] - Loading XML bean definitions from class path resource [spring-context-druid.xml]
2019-08-07 15:32:49,355 INFO [org.springframework.beans.factory.xml.XmlBeanDefinitionReader] - Loading XML bean definitions from class path resource [spring-context-mybatis.xml]
2019-08-07 15:32:49,367 INFO [org.springframework.context.support.GenericApplicationContext] - Refreshing org.springframework.context.support.GenericApplicationContext@56ac3a89: startup date [Wed Aug 07 15:32:49 CST 2019]; root of context hierarchy
2019-08-07 15:32:49,896 INFO [com.alibaba.druid.pool.DruidDataSource] - {dataSource-1} inited
2019-08-07 15:32:50,112 INFO [org.springframework.context.support.GenericApplicationContext] - Closing org.springframework.context.support.GenericApplicationContext@56ac3a89: startup date [Wed Aug 07 15:32:49 CST 2019]; root of context hierarchy
2019-08-07 15:32:50,114 INFO [com.alibaba.druid.pool.DruidDataSource] - {dataSource-1} closed
2019-08-07 15:34:30,551 INFO [org.springframework.test.context.support.DefaultTestContextBootstrapper] - Loaded default TestExecutionListener class names from location [META-INF/spring.factories]: [org.springframework.test.context.web.ServletTestExecutionListener, org.springframework.test.context.support.DirtiesContextBeforeModesTestExecutionListener, org.springframework.test.context.support.DependencyInjectionTestExecutionListener, org.springframework.test.context.support.DirtiesContextTestExecutionListener, org.springframework.test.context.transaction.TransactionalTestExecutionListener, org.springframework.test.context.jdbc.SqlScriptsTestExecutionListener]
2019-08-07 15:34:30,562 INFO [org.springframework.test.context.support.DefaultTestContextBootstrapper] - Using TestExecutionListeners: [org.springframework.test.context.web.ServletTestExecutionListener@d2cc05a, org.springframework.test.context.support.DirtiesContextBeforeModesTestExecutionListener@4f933fd1, org.springframework.test.context.support.DependencyInjectionTestExecutionListener@548a9f61, org.springframework.test.context.support.DirtiesContextTestExecutionListener@1753acfe, org.springframework.test.context.transaction.TransactionalTestExecutionListener@7c16905e, org.springframework.test.context.jdbc.SqlScriptsTestExecutionListener@2a2d45ba]
2019-08-07 15:34:30,611 INFO [org.springframework.beans.factory.xml.XmlBeanDefinitionReader] - Loading XML bean definitions from class path resource [spring-context.xml]
2019-08-07 15:34:30,740 INFO [org.springframework.beans.factory.xml.XmlBeanDefinitionReader] - Loading XML bean definitions from class path resource [spring-context-druid.xml]
2019-08-07 15:34:30,768 INFO [org.springframework.beans.factory.xml.XmlBeanDefinitionReader] - Loading XML bean definitions from class path resource [spring-context-mybatis.xml]
2019-08-07 15:34:30,781 INFO [org.springframework.context.support.GenericApplicationContext] - Refreshing org.springframework.context.support.GenericApplicationContext@56ac3a89: startup date [Wed Aug 07 15:34:30 CST 2019]; root of context hierarchy
2019-08-07 15:34:31,275 INFO [com.alibaba.druid.pool.DruidDataSource] - {dataSource-1} inited
2019-08-07 15:34:31,492 INFO [org.springframework.context.support.GenericApplicationContext] - Closing org.springframework.context.support.GenericApplicationContext@56ac3a89: startup date [Wed Aug 07 15:34:30 CST 2019]; root of context hierarchy
2019-08-07 15:34:31,495 INFO [com.alibaba.druid.pool.DruidDataSource] - {dataSource-1} closed
2019-08-07 15:36:03,781 INFO [org.springframework.test.context.support.DefaultTestContextBootstrapper] - Loaded default TestExecutionListener class names from location [META-INF/spring.factories]: [org.springframework.test.context.web.ServletTestExecutionListener, org.springframework.test.context.support.DirtiesContextBeforeModesTestExecutionListener, org.springframework.test.context.support.DependencyInjectionTestExecutionListener, org.springframework.test.context.support.DirtiesContextTestExecutionListener, org.springframework.test.context.transaction.TransactionalTestExecutionListener, org.springframework.test.context.jdbc.SqlScriptsTestExecutionListener]
2019-08-07 15:36:03,792 INFO [org.springframework.test.context.support.DefaultTestContextBootstrapper] - Using TestExecutionListeners: [org.springframework.test.context.web.ServletTestExecutionListener@d2cc05a, org.springframework.test.context.support.DirtiesContextBeforeModesTestExecutionListener@4f933fd1, org.springframework.test.context.support.DependencyInjectionTestExecutionListener@548a9f61, org.springframework.test.context.support.DirtiesContextTestExecutionListener@1753acfe, org.springframework.test.context.transaction.TransactionalTestExecutionListener@7c16905e, org.springframework.test.context.jdbc.SqlScriptsTestExecutionListener@2a2d45ba]
2019-08-07 15:36:03,845 INFO [org.springframework.beans.factory.xml.XmlBeanDefinitionReader] - Loading XML bean definitions from class path resource [spring-context.xml]
2019-08-07 15:36:03,975 INFO [org.springframework.beans.factory.xml.XmlBeanDefinitionReader] - Loading XML bean definitions from class path resource [spring-context-druid.xml]
2019-08-07 15:36:03,998 INFO [org.springframework.beans.factory.xml.XmlBeanDefinitionReader] - Loading XML bean definitions from class path resource [spring-context-mybatis.xml]
2019-08-07 15:36:04,011 INFO [org.springframework.context.support.GenericApplicationContext] - Refreshing org.springframework.context.support.GenericApplicationContext@56ac3a89: startup date [Wed Aug 07 15:36:04 CST 2019]; root of context hierarchy
2019-08-07 15:36:04,507 INFO [com.alibaba.druid.pool.DruidDataSource] - {dataSource-1} inited
2019-08-07 15:36:04,722 INFO [org.springframework.context.support.GenericApplicationContext] - Closing org.springframework.context.support.GenericApplicationContext@56ac3a89: startup date [Wed Aug 07 15:36:04 CST 2019]; root of context hierarchy
2019-08-07 15:36:04,724 INFO [com.alibaba.druid.pool.DruidDataSource] - {dataSource-1} closed
2019-08-07 15:36:12,844 INFO [org.springframework.test.context.support.DefaultTestContextBootstrapper] - Loaded default TestExecutionListener class names from location [META-INF/spring.factories]: [org.springframework.test.context.web.ServletTestExecutionListener, org.springframework.test.context.support.DirtiesContextBeforeModesTestExecutionListener, org.springframework.test.context.support.DependencyInjectionTestExecutionListener, org.springframework.test.context.support.DirtiesContextTestExecutionListener, org.springframework.test.context.transaction.TransactionalTestExecutionListener, org.springframework.test.context.jdbc.SqlScriptsTestExecutionListener]
2019-08-07 15:36:12,855 INFO [org.springframework.test.context.support.DefaultTestContextBootstrapper] - Using TestExecutionListeners: [org.springframework.test.context.web.ServletTestExecutionListener@d2cc05a, org.springframework.test.context.support.DirtiesContextBeforeModesTestExecutionListener@4f933fd1, org.springframework.test.context.support.DependencyInjectionTestExecutionListener@548a9f61, org.springframework.test.context.support.DirtiesContextTestExecutionListener@1753acfe, org.springframework.test.context.transaction.TransactionalTestExecutionListener@7c16905e, org.springframework.test.context.jdbc.SqlScriptsTestExecutionListener@2a2d45ba]
2019-08-07 15:36:12,907 INFO [org.springframework.beans.factory.xml.XmlBeanDefinitionReader] - Loading XML bean definitions from class path resource [spring-context.xml]
2019-08-07 15:36:13,037 INFO [org.springframework.beans.factory.xml.XmlBeanDefinitionReader] - Loading XML bean definitions from class path resource [spring-context-druid.xml]
2019-08-07 15:36:13,059 INFO [org.springframework.beans.factory.xml.XmlBeanDefinitionReader] - Loading XML bean definitions from class path resource [spring-context-mybatis.xml]
2019-08-07 15:36:13,071 INFO [org.springframework.context.support.GenericApplicationContext] - Refreshing org.springframework.context.support.GenericApplicationContext@56ac3a89: startup date [Wed Aug 07 15:36:13 CST 2019]; root of context hierarchy
2019-08-07 15:36:13,608 INFO [com.alibaba.druid.pool.DruidDataSource] - {dataSource-1} inited
2019-08-07 15:36:13,829 INFO [org.springframework.context.support.GenericApplicationContext] - Closing org.springframework.context.support.GenericApplicationContext@56ac3a89: startup date [Wed Aug 07 15:36:13 CST 2019]; root of context hierarchy
2019-08-07 15:36:13,831 INFO [com.alibaba.druid.pool.DruidDataSource] - {dataSource-1} closed
2019-08-07 15:37:12,470 INFO [org.springframework.test.context.support.DefaultTestContextBootstrapper] - Loaded default TestExecutionListener class names from location [META-INF/spring.factories]: [org.springframework.test.context.web.ServletTestExecutionListener, org.springframework.test.context.support.DirtiesContextBeforeModesTestExecutionListener, org.springframework.test.context.support.DependencyInjectionTestExecutionListener, org.springframework.test.context.support.DirtiesContextTestExecutionListener, org.springframework.test.context.transaction.TransactionalTestExecutionListener, org.springframework.test.context.jdbc.SqlScriptsTestExecutionListener]
2019-08-07 15:37:12,480 INFO [org.springframework.test.context.support.DefaultTestContextBootstrapper] - Using TestExecutionListeners: [org.springframework.test.context.web.ServletTestExecutionListener@d2cc05a, org.springframework.test.context.support.DirtiesContextBeforeModesTestExecutionListener@4f933fd1, org.springframework.test.context.support.DependencyInjectionTestExecutionListener@548a9f61, org.springframework.test.context.support.DirtiesContextTestExecutionListener@1753acfe, org.springframework.test.context.transaction.TransactionalTestExecutionListener@7c16905e, org.springframework.test.context.jdbc.SqlScriptsTestExecutionListener@2a2d45ba]
2019-08-07 15:37:12,533 INFO [org.springframework.beans.factory.xml.XmlBeanDefinitionReader] - Loading XML bean definitions from class path resource [spring-context.xml]
2019-08-07 15:37:12,660 INFO [org.springframework.beans.factory.xml.XmlBeanDefinitionReader] - Loading XML bean definitions from class path resource [spring-context-druid.xml]
2019-08-07 15:37:12,684 INFO [org.springframework.beans.factory.xml.XmlBeanDefinitionReader] - Loading XML bean definitions from class path resource [spring-context-mybatis.xml]
2019-08-07 15:37:12,696 INFO [org.springframework.context.support.GenericApplicationContext] - Refreshing org.springframework.context.support.GenericApplicationContext@56ac3a89: startup date [Wed Aug 07 15:37:12 CST 2019]; root of context hierarchy
2019-08-07 15:37:13,196 INFO [com.alibaba.druid.pool.DruidDataSource] - {dataSource-1} inited
2019-08-07 15:37:13,415 INFO [org.springframework.context.support.GenericApplicationContext] - Closing org.springframework.context.support.GenericApplicationContext@56ac3a89: startup date [Wed Aug 07 15:37:12 CST 2019]; root of context hierarchy
2019-08-07 15:37:13,418 INFO [com.alibaba.druid.pool.DruidDataSource] - {dataSource-1} closed
2019-08-07 15:37:29,274 INFO [org.springframework.test.context.support.DefaultTestContextBootstrapper] - Loaded default TestExecutionListener class names from location [META-INF/spring.factories]: [org.springframework.test.context.web.ServletTestExecutionListener, org.springframework.test.context.support.DirtiesContextBeforeModesTestExecutionListener, org.springframework.test.context.support.DependencyInjectionTestExecutionListener, org.springframework.test.context.support.DirtiesContextTestExecutionListener, org.springframework.test.context.transaction.TransactionalTestExecutionListener, org.springframework.test.context.jdbc.SqlScriptsTestExecutionListener]
2019-08-07 15:37:29,285 INFO [org.springframework.test.context.support.DefaultTestContextBootstrapper] - Using TestExecutionListeners: [org.springframework.test.context.web.ServletTestExecutionListener@d2cc05a, org.springframework.test.context.support.DirtiesContextBeforeModesTestExecutionListener@4f933fd1, org.springframework.test.context.support.DependencyInjectionTestExecutionListener@548a9f61, org.springframework.test.context.support.DirtiesContextTestExecutionListener@1753acfe, org.springframework.test.context.transaction.TransactionalTestExecutionListener@7c16905e, org.springframework.test.context.jdbc.SqlScriptsTestExecutionListener@2a2d45ba]
2019-08-07 15:37:29,338 INFO [org.springframework.beans.factory.xml.XmlBeanDefinitionReader] - Loading XML bean definitions from class path resource [spring-context.xml]
2019-08-07 15:37:29,465 INFO [org.springframework.beans.factory.xml.XmlBeanDefinitionReader] - Loading XML bean definitions from class path resource [spring-context-druid.xml]
2019-08-07 15:37:29,489 INFO [org.springframework.beans.factory.xml.XmlBeanDefinitionReader] - Loading XML bean definitions from class path resource [spring-context-mybatis.xml]
2019-08-07 15:37:29,500 INFO [org.springframework.context.support.GenericApplicationContext] - Refreshing org.springframework.context.support.GenericApplicationContext@56ac3a89: startup date [Wed Aug 07 15:37:29 CST 2019]; root of context hierarchy
2019-08-07 15:37:30,022 INFO [com.alibaba.druid.pool.DruidDataSource] - {dataSource-1} inited
2019-08-07 15:37:30,239 INFO [org.springframework.context.support.GenericApplicationContext] - Closing org.springframework.context.support.GenericApplicationContext@56ac3a89: startup date [Wed Aug 07 15:37:29 CST 2019]; root of context hierarchy
2019-08-07 15:37:30,241 INFO [com.alibaba.druid.pool.DruidDataSource] - {dataSource-1} closed
2019-08-07 15:40:08,866 INFO [org.springframework.test.context.support.DefaultTestContextBootstrapper] - Loaded default TestExecutionListener class names from location [META-INF/spring.factories]: [org.springframework.test.context.web.ServletTestExecutionListener, org.springframework.test.context.support.DirtiesContextBeforeModesTestExecutionListener, org.springframework.test.context.support.DependencyInjectionTestExecutionListener, org.springframework.test.context.support.DirtiesContextTestExecutionListener, org.springframework.test.context.transaction.TransactionalTestExecutionListener, org.springframework.test.context.jdbc.SqlScriptsTestExecutionListener]
2019-08-07 15:40:08,876 INFO [org.springframework.test.context.support.DefaultTestContextBootstrapper] - Using TestExecutionListeners: [org.springframework.test.context.web.ServletTestExecutionListener@d2cc05a, org.springframework.test.context.support.DirtiesContextBeforeModesTestExecutionListener@4f933fd1, org.springframework.test.context.support.DependencyInjectionTestExecutionListener@548a9f61, org.springframework.test.context.support.DirtiesContextTestExecutionListener@1753acfe, org.springframework.test.context.transaction.TransactionalTestExecutionListener@7c16905e, org.springframework.test.context.jdbc.SqlScriptsTestExecutionListener@2a2d45ba]
2019-08-07 15:40:08,925 INFO [org.springframework.beans.factory.xml.XmlBeanDefinitionReader] - Loading XML bean definitions from class path resource [spring-context.xml]
2019-08-07 15:40:09,051 INFO [org.springframework.beans.factory.xml.XmlBeanDefinitionReader] - Loading XML bean definitions from class path resource [spring-context-druid.xml]
2019-08-07 15:40:09,073 INFO [org.springframework.beans.factory.xml.XmlBeanDefinitionReader] - Loading XML bean definitions from class path resource [spring-context-mybatis.xml]
2019-08-07 15:40:09,085 INFO [org.springframework.context.support.GenericApplicationContext] - Refreshing org.springframework.context.support.GenericApplicationContext@56ac3a89: startup date [Wed Aug 07 15:40:09 CST 2019]; root of context hierarchy
2019-08-07 15:40:09,587 INFO [com.alibaba.druid.pool.DruidDataSource] - {dataSource-1} inited
2019-08-07 15:40:09,802 INFO [org.springframework.context.support.GenericApplicationContext] - Closing org.springframework.context.support.GenericApplicationContext@56ac3a89: startup date [Wed Aug 07 15:40:09 CST 2019]; root of context hierarchy
2019-08-07 15:40:09,805 INFO [com.alibaba.druid.pool.DruidDataSource] - {dataSource-1} closed
2019-08-07 15:45:14,767 INFO [org.springframework.test.context.support.DefaultTestContextBootstrapper] - Loaded default TestExecutionListener class names from location [META-INF/spring.factories]: [org.springframework.test.context.web.ServletTestExecutionListener, org.springframework.test.context.support.DirtiesContextBeforeModesTestExecutionListener, org.springframework.test.context.support.DependencyInjectionTestExecutionListener, org.springframework.test.context.support.DirtiesContextTestExecutionListener, org.springframework.test.context.transaction.TransactionalTestExecutionListener, org.springframework.test.context.jdbc.SqlScriptsTestExecutionListener]
2019-08-07 15:45:14,778 INFO [org.springframework.test.context.support.DefaultTestContextBootstrapper] - Using TestExecutionListeners: [org.springframework.test.context.web.ServletTestExecutionListener@d2cc05a, org.springframework.test.context.support.DirtiesContextBeforeModesTestExecutionListener@4f933fd1, org.springframework.test.context.support.DependencyInjectionTestExecutionListener@548a9f61, org.springframework.test.context.support.DirtiesContextTestExecutionListener@1753acfe, org.springframework.test.context.transaction.TransactionalTestExecutionListener@7c16905e, org.springframework.test.context.jdbc.SqlScriptsTestExecutionListener@2a2d45ba]
2019-08-07 15:46:28,724 INFO [org.springframework.test.context.support.DefaultTestContextBootstrapper] - Loaded default TestExecutionListener class names from location [META-INF/spring.factories]: [org.springframework.test.context.web.ServletTestExecutionListener, org.springframework.test.context.support.DirtiesContextBeforeModesTestExecutionListener, org.springframework.test.context.support.DependencyInjectionTestExecutionListener, org.springframework.test.context.support.DirtiesContextTestExecutionListener, org.springframework.test.context.transaction.TransactionalTestExecutionListener, org.springframework.test.context.jdbc.SqlScriptsTestExecutionListener]
2019-08-07 15:46:28,735 INFO [org.springframework.test.context.support.DefaultTestContextBootstrapper] - Using TestExecutionListeners: [org.springframework.test.context.web.ServletTestExecutionListener@d2cc05a, org.springframework.test.context.support.DirtiesContextBeforeModesTestExecutionListener@4f933fd1, org.springframework.test.context.support.DependencyInjectionTestExecutionListener@548a9f61, org.springframework.test.context.support.DirtiesContextTestExecutionListener@1753acfe, org.springframework.test.context.transaction.TransactionalTestExecutionListener@7c16905e, org.springframework.test.context.jdbc.SqlScriptsTestExecutionListener@2a2d45ba]
2019-08-07 15:46:28,787 INFO [org.springframework.beans.factory.xml.XmlBeanDefinitionReader] - Loading XML bean definitions from class path resource [spring-context.xml]
2019-08-07 15:46:28,915 INFO [org.springframework.beans.factory.xml.XmlBeanDefinitionReader] - Loading XML bean definitions from class path resource [spring-context-druid.xml]
2019-08-07 15:46:28,937 INFO [org.springframework.beans.factory.xml.XmlBeanDefinitionReader] - Loading XML bean definitions from class path resource [spring-context-mybatis.xml]
2019-08-07 15:46:28,952 INFO [org.springframework.context.support.GenericApplicationContext] - Refreshing org.springframework.context.support.GenericApplicationContext@56ac3a89: startup date [Wed Aug 07 15:46:28 CST 2019]; root of context hierarchy
2019-08-07 15:46:29,468 INFO [com.alibaba.druid.pool.DruidDataSource] - {dataSource-1} inited
2019-08-07 15:46:29,697 INFO [org.springframework.context.support.GenericApplicationContext] - Closing org.springframework.context.support.GenericApplicationContext@56ac3a89: startup date [Wed Aug 07 15:46:28 CST 2019]; root of context hierarchy
2019-08-07 15:46:29,699 INFO [com.alibaba.druid.pool.DruidDataSource] - {dataSource-1} closed
2019-08-07 15:48:31,661 INFO [org.springframework.test.context.support.DefaultTestContextBootstrapper] - Loaded default TestExecutionListener class names from location [META-INF/spring.factories]: [org.springframework.test.context.web.ServletTestExecutionListener, org.springframework.test.context.support.DirtiesContextBeforeModesTestExecutionListener, org.springframework.test.context.support.DependencyInjectionTestExecutionListener, org.springframework.test.context.support.DirtiesContextTestExecutionListener, org.springframework.test.context.transaction.TransactionalTestExecutionListener, org.springframework.test.context.jdbc.SqlScriptsTestExecutionListener]
2019-08-07 15:48:31,672 INFO [org.springframework.test.context.support.DefaultTestContextBootstrapper] - Using TestExecutionListeners: [org.springframework.test.context.web.ServletTestExecutionListener@d2cc05a, org.springframework.test.context.support.DirtiesContextBeforeModesTestExecutionListener@4f933fd1, org.springframework.test.context.support.DependencyInjectionTestExecutionListener@548a9f61, org.springframework.test.context.support.DirtiesContextTestExecutionListener@1753acfe, org.springframework.test.context.transaction.TransactionalTestExecutionListener@7c16905e, org.springframework.test.context.jdbc.SqlScriptsTestExecutionListener@2a2d45ba]
2019-08-07 15:48:31,723 INFO [org.springframework.beans.factory.xml.XmlBeanDefinitionReader] - Loading XML bean definitions from class path resource [spring-context.xml]
2019-08-07 15:48:31,851 INFO [org.springframework.beans.factory.xml.XmlBeanDefinitionReader] - Loading XML bean definitions from class path resource [spring-context-druid.xml]
2019-08-07 15:48:31,874 INFO [org.springframework.beans.factory.xml.XmlBeanDefinitionReader] - Loading XML bean definitions from class path resource [spring-context-mybatis.xml]
2019-08-07 15:48:31,887 INFO [org.springframework.context.support.GenericApplicationContext] - Refreshing org.springframework.context.support.GenericApplicationContext@56ac3a89: startup date [Wed Aug 07 15:48:31 CST 2019]; root of context hierarchy
2019-08-07 15:48:32,386 INFO [com.alibaba.druid.pool.DruidDataSource] - {dataSource-1} inited
2019-08-07 15:48:32,599 INFO [org.springframework.context.support.GenericApplicationContext] - Closing org.springframework.context.support.GenericApplicationContext@56ac3a89: startup date [Wed Aug 07 15:48:31 CST 2019]; root of context hierarchy
2019-08-07 15:48:32,601 INFO [com.alibaba.druid.pool.DruidDataSource] - {dataSource-1} closed
2019-08-07 15:49:11,286 INFO [org.springframework.test.context.support.DefaultTestContextBootstrapper] - Loaded default TestExecutionListener class names from location [META-INF/spring.factories]: [org.springframework.test.context.web.ServletTestExecutionListener, org.springframework.test.context.support.DirtiesContextBeforeModesTestExecutionListener, org.springframework.test.context.support.DependencyInjectionTestExecutionListener, org.springframework.test.context.support.DirtiesContextTestExecutionListener, org.springframework.test.context.transaction.TransactionalTestExecutionListener, org.springframework.test.context.jdbc.SqlScriptsTestExecutionListener]
2019-08-07 15:49:11,296 INFO [org.springframework.test.context.support.DefaultTestContextBootstrapper] - Using TestExecutionListeners: [org.springframework.test.context.web.ServletTestExecutionListener@d2cc05a, org.springframework.test.context.support.DirtiesContextBeforeModesTestExecutionListener@4f933fd1, org.springframework.test.context.support.DependencyInjectionTestExecutionListener@548a9f61, org.springframework.test.context.support.DirtiesContextTestExecutionListener@1753acfe, org.springframework.test.context.transaction.TransactionalTestExecutionListener@7c16905e, org.springframework.test.context.jdbc.SqlScriptsTestExecutionListener@2a2d45ba]
2019-08-07 15:49:11,348 INFO [org.springframework.beans.factory.xml.XmlBeanDefinitionReader] - Loading XML bean definitions from class path resource [spring-context.xml]
2019-08-07 15:49:11,477 INFO [org.springframework.beans.factory.xml.XmlBeanDefinitionReader] - Loading XML bean definitions from class path resource [spring-context-druid.xml]
2019-08-07 15:49:11,501 INFO [org.springframework.beans.factory.xml.XmlBeanDefinitionReader] - Loading XML bean definitions from class path resource [spring-context-mybatis.xml]
2019-08-07 15:49:11,516 INFO [org.springframework.context.support.GenericApplicationContext] - Refreshing org.springframework.context.support.GenericApplicationContext@56ac3a89: startup date [Wed Aug 07 15:49:11 CST 2019]; root of context hierarchy
2019-08-07 15:49:12,031 INFO [com.alibaba.druid.pool.DruidDataSource] - {dataSource-1} inited
2019-08-07 15:49:12,201 INFO [org.springframework.context.support.GenericApplicationContext] - Closing org.springframework.context.support.GenericApplicationContext@56ac3a89: startup date [Wed Aug 07 15:49:11 CST 2019]; root of context hierarchy
2019-08-07 15:49:12,204 INFO [com.alibaba.druid.pool.DruidDataSource] - {dataSource-1} closed
2019-08-07 15:53:18,499 INFO [org.springframework.test.context.support.DefaultTestContextBootstrapper] - Loaded default TestExecutionListener class names from location [META-INF/spring.factories]: [org.springframework.test.context.web.ServletTestExecutionListener, org.springframework.test.context.support.DirtiesContextBeforeModesTestExecutionListener, org.springframework.test.context.support.DependencyInjectionTestExecutionListener, org.springframework.test.context.support.DirtiesContextTestExecutionListener, org.springframework.test.context.transaction.TransactionalTestExecutionListener, org.springframework.test.context.jdbc.SqlScriptsTestExecutionListener]
2019-08-07 15:53:18,509 INFO [org.springframework.test.context.support.DefaultTestContextBootstrapper] - Using TestExecutionListeners: [org.springframework.test.context.web.ServletTestExecutionListener@d2cc05a, org.springframework.test.context.support.DirtiesContextBeforeModesTestExecutionListener@4f933fd1, org.springframework.test.context.support.DependencyInjectionTestExecutionListener@548a9f61, org.springframework.test.context.support.DirtiesContextTestExecutionListener@1753acfe, org.springframework.test.context.transaction.TransactionalTestExecutionListener@7c16905e, org.springframework.test.context.jdbc.SqlScriptsTestExecutionListener@2a2d45ba]
2019-08-07 15:53:18,560 INFO [org.springframework.beans.factory.xml.XmlBeanDefinitionReader] - Loading XML bean definitions from class path resource [spring-context.xml]
2019-08-07 15:53:18,685 INFO [org.springframework.beans.factory.xml.XmlBeanDefinitionReader] - Loading XML bean definitions from class path resource [spring-context-druid.xml]
2019-08-07 15:53:18,708 INFO [org.springframework.beans.factory.xml.XmlBeanDefinitionReader] - Loading XML bean definitions from class path resource [spring-context-mybatis.xml]
2019-08-07 15:53:18,721 INFO [org.springframework.context.support.GenericApplicationContext] - Refreshing org.springframework.context.support.GenericApplicationContext@56ac3a89: startup date [Wed Aug 07 15:53:18 CST 2019]; root of context hierarchy
2019-08-07 15:53:19,224 INFO [com.alibaba.druid.pool.DruidDataSource] - {dataSource-1} inited
2019-08-07 15:53:19,438 INFO [org.springframework.beans.factory.xml.XmlBeanDefinitionReader] - Loading XML bean definitions from class path resource [org/springframework/jdbc/support/sql-error-codes.xml]
2019-08-07 15:53:19,453 INFO [org.springframework.jdbc.support.SQLErrorCodesFactory] - SQLErrorCodes loaded: [DB2, Derby, H2, HDB, HSQL, Informix, MS-SQL, MySQL, Oracle, PostgreSQL, Sybase]
2019-08-07 15:53:19,466 INFO [org.springframework.context.support.GenericApplicationContext] - Closing org.springframework.context.support.GenericApplicationContext@56ac3a89: startup date [Wed Aug 07 15:53:18 CST 2019]; root of context hierarchy
2019-08-07 15:53:19,468 INFO [com.alibaba.druid.pool.DruidDataSource] - {dataSource-1} closed
2019-08-07 15:53:51,701 INFO [org.springframework.test.context.support.DefaultTestContextBootstrapper] - Loaded default TestExecutionListener class names from location [META-INF/spring.factories]: [org.springframework.test.context.web.ServletTestExecutionListener, org.springframework.test.context.support.DirtiesContextBeforeModesTestExecutionListener, org.springframework.test.context.support.DependencyInjectionTestExecutionListener, org.springframework.test.context.support.DirtiesContextTestExecutionListener, org.springframework.test.context.transaction.TransactionalTestExecutionListener, org.springframework.test.context.jdbc.SqlScriptsTestExecutionListener]
2019-08-07 15:53:51,712 INFO [org.springframework.test.context.support.DefaultTestContextBootstrapper] - Using TestExecutionListeners: [org.springframework.test.context.web.ServletTestExecutionListener@d2cc05a, org.springframework.test.context.support.DirtiesContextBeforeModesTestExecutionListener@4f933fd1, org.springframework.test.context.support.DependencyInjectionTestExecutionListener@548a9f61, org.springframework.test.context.support.DirtiesContextTestExecutionListener@1753acfe, org.springframework.test.context.transaction.TransactionalTestExecutionListener@7c16905e, org.springframework.test.context.jdbc.SqlScriptsTestExecutionListener@2a2d45ba]
2019-08-07 15:53:51,761 INFO [org.springframework.beans.factory.xml.XmlBeanDefinitionReader] - Loading XML bean definitions from class path resource [spring-context.xml]
2019-08-07 15:53:51,889 INFO [org.springframework.beans.factory.xml.XmlBeanDefinitionReader] - Loading XML bean definitions from class path resource [spring-context-druid.xml]
2019-08-07 15:53:51,912 INFO [org.springframework.beans.factory.xml.XmlBeanDefinitionReader] - Loading XML bean definitions from class path resource [spring-context-mybatis.xml]
2019-08-07 15:53:51,924 INFO [org.springframework.context.support.GenericApplicationContext] - Refreshing org.springframework.context.support.GenericApplicationContext@56ac3a89: startup date [Wed Aug 07 15:53:51 CST 2019]; root of context hierarchy
2019-08-07 15:53:52,423 INFO [com.alibaba.druid.pool.DruidDataSource] - {dataSource-1} inited
2019-08-07 15:53:52,631 INFO [org.springframework.context.support.GenericApplicationContext] - Closing org.springframework.context.support.GenericApplicationContext@56ac3a89: startup date [Wed Aug 07 15:53:51 CST 2019]; root of context hierarchy
2019-08-07 15:53:52,633 INFO [com.alibaba.druid.pool.DruidDataSource] - {dataSource-1} closed
2019-08-07 15:53:58,904 INFO [org.springframework.test.context.support.DefaultTestContextBootstrapper] - Loaded default TestExecutionListener class names from location [META-INF/spring.factories]: [org.springframework.test.context.web.ServletTestExecutionListener, org.springframework.test.context.support.DirtiesContextBeforeModesTestExecutionListener, org.springframework.test.context.support.DependencyInjectionTestExecutionListener, org.springframework.test.context.support.DirtiesContextTestExecutionListener, org.springframework.test.context.transaction.TransactionalTestExecutionListener, org.springframework.test.context.jdbc.SqlScriptsTestExecutionListener]
2019-08-07 15:53:58,914 INFO [org.springframework.test.context.support.DefaultTestContextBootstrapper] - Using TestExecutionListeners: [org.springframework.test.context.web.ServletTestExecutionListener@d2cc05a, org.springframework.test.context.support.DirtiesContextBeforeModesTestExecutionListener@4f933fd1, org.springframework.test.context.support.DependencyInjectionTestExecutionListener@548a9f61, org.springframework.test.context.support.DirtiesContextTestExecutionListener@1753acfe, org.springframework.test.context.transaction.TransactionalTestExecutionListener@7c16905e, org.springframework.test.context.jdbc.SqlScriptsTestExecutionListener@2a2d45ba]
2019-08-07 15:53:58,965 INFO [org.springframework.beans.factory.xml.XmlBeanDefinitionReader] - Loading XML bean definitions from class path resource [spring-context.xml]
2019-08-07 15:53:59,091 INFO [org.springframework.beans.factory.xml.XmlBeanDefinitionReader] - Loading XML bean definitions from class path resource [spring-context-druid.xml]
2019-08-07 15:53:59,114 INFO [org.springframework.beans.factory.xml.XmlBeanDefinitionReader] - Loading XML bean definitions from class path resource [spring-context-mybatis.xml]
2019-08-07 15:53:59,127 INFO [org.springframework.context.support.GenericApplicationContext] - Refreshing org.springframework.context.support.GenericApplicationContext@56ac3a89: startup date [Wed Aug 07 15:53:59 CST 2019]; root of context hierarchy
2019-08-07 15:53:59,621 INFO [com.alibaba.druid.pool.DruidDataSource] - {dataSource-1} inited
2019-08-07 15:53:59,832 INFO [org.springframework.context.support.GenericApplicationContext] - Closing org.springframework.context.support.GenericApplicationContext@56ac3a89: startup date [Wed Aug 07 15:53:59 CST 2019]; root of context hierarchy
2019-08-07 15:53:59,834 INFO [com.alibaba.druid.pool.DruidDataSource] - {dataSource-1} closed
2019-08-07 15:54:06,792 INFO [org.springframework.test.context.support.DefaultTestContextBootstrapper] - Loaded default TestExecutionListener class names from location [META-INF/spring.factories]: [org.springframework.test.context.web.ServletTestExecutionListener, org.springframework.test.context.support.DirtiesContextBeforeModesTestExecutionListener, org.springframework.test.context.support.DependencyInjectionTestExecutionListener, org.springframework.test.context.support.DirtiesContextTestExecutionListener, org.springframework.test.context.transaction.TransactionalTestExecutionListener, org.springframework.test.context.jdbc.SqlScriptsTestExecutionListener]
2019-08-07 15:54:06,803 INFO [org.springframework.test.context.support.DefaultTestContextBootstrapper] - Using TestExecutionListeners: [org.springframework.test.context.web.ServletTestExecutionListener@d2cc05a, org.springframework.test.context.support.DirtiesContextBeforeModesTestExecutionListener@4f933fd1, org.springframework.test.context.support.DependencyInjectionTestExecutionListener@548a9f61, org.springframework.test.context.support.DirtiesContextTestExecutionListener@1753acfe, org.springframework.test.context.transaction.TransactionalTestExecutionListener@7c16905e, org.springframework.test.context.jdbc.SqlScriptsTestExecutionListener@2a2d45ba]
2019-08-07 15:54:06,854 INFO [org.springframework.beans.factory.xml.XmlBeanDefinitionReader] - Loading XML bean definitions from class path resource [spring-context.xml]
2019-08-07 15:54:06,979 INFO [org.springframework.beans.factory.xml.XmlBeanDefinitionReader] - Loading XML bean definitions from class path resource [spring-context-druid.xml]
2019-08-07 15:54:07,002 INFO [org.springframework.beans.factory.xml.XmlBeanDefinitionReader] - Loading XML bean definitions from class path resource [spring-context-mybatis.xml]
2019-08-07 15:54:07,015 INFO [org.springframework.context.support.GenericApplicationContext] - Refreshing org.springframework.context.support.GenericApplicationContext@56ac3a89: startup date [Wed Aug 07 15:54:07 CST 2019]; root of context hierarchy
2019-08-07 15:54:07,522 INFO [com.alibaba.druid.pool.DruidDataSource] - {dataSource-1} inited
2019-08-07 15:54:07,738 INFO [org.springframework.context.support.GenericApplicationContext] - Closing org.springframework.context.support.GenericApplicationContext@56ac3a89: startup date [Wed Aug 07 15:54:07 CST 2019]; root of context hierarchy
2019-08-07 15:54:07,740 INFO [com.alibaba.druid.pool.DruidDataSource] - {dataSource-1} closed
2019-08-07 15:54:13,027 INFO [org.springframework.test.context.support.DefaultTestContextBootstrapper] - Loaded default TestExecutionListener class names from location [META-INF/spring.factories]: [org.springframework.test.context.web.ServletTestExecutionListener, org.springframework.test.context.support.DirtiesContextBeforeModesTestExecutionListener, org.springframework.test.context.support.DependencyInjectionTestExecutionListener, org.springframework.test.context.support.DirtiesContextTestExecutionListener, org.springframework.test.context.transaction.TransactionalTestExecutionListener, org.springframework.test.context.jdbc.SqlScriptsTestExecutionListener]
2019-08-07 15:54:13,038 INFO [org.springframework.test.context.support.DefaultTestContextBootstrapper] - Using TestExecutionListeners: [org.springframework.test.context.web.ServletTestExecutionListener@d2cc05a, org.springframework.test.context.support.DirtiesContextBeforeModesTestExecutionListener@4f933fd1, org.springframework.test.context.support.DependencyInjectionTestExecutionListener@548a9f61, org.springframework.test.context.support.DirtiesContextTestExecutionListener@1753acfe, org.springframework.test.context.transaction.TransactionalTestExecutionListener@7c16905e, org.springframework.test.context.jdbc.SqlScriptsTestExecutionListener@2a2d45ba]
2019-08-07 15:54:13,087 INFO [org.springframework.beans.factory.xml.XmlBeanDefinitionReader] - Loading XML bean definitions from class path resource [spring-context.xml]
2019-08-07 15:54:13,214 INFO [org.springframework.beans.factory.xml.XmlBeanDefinitionReader] - Loading XML bean definitions from class path resource [spring-context-druid.xml]
2019-08-07 15:54:13,237 INFO [org.springframework.beans.factory.xml.XmlBeanDefinitionReader] - Loading XML bean definitions from class path resource [spring-context-mybatis.xml]
2019-08-07 15:54:13,250 INFO [org.springframework.context.support.GenericApplicationContext] - Refreshing org.springframework.context.support.GenericApplicationContext@56ac3a89: startup date [Wed Aug 07 15:54:13 CST 2019]; root of context hierarchy
2019-08-07 15:54:13,731 INFO [com.alibaba.druid.pool.DruidDataSource] - {dataSource-1} inited
2019-08-07 15:54:13,947 INFO [org.springframework.context.support.GenericApplicationContext] - Closing org.springframework.context.support.GenericApplicationContext@56ac3a89: startup date [Wed Aug 07 15:54:13 CST 2019]; root of context hierarchy
2019-08-07 15:54:13,949 INFO [com.alibaba.druid.pool.DruidDataSource] - {dataSource-1} closed
